2018-05-12 10:25:31,966 [9] DEBUG DefaultBootstrap - The server instance MES.SocketService has been created!
2018-05-12 10:25:32,031 [9] DEBUG DefaultBootstrap - The server instance MES.SocketService has been initialized!
2018-05-12 10:25:35,356 [9] DEBUG DefaultBootstrap - The PerformanceMonitor has been initialized!
2018-05-12 10:25:35,356 [9] DEBUG DefaultBootstrap - The Bootstrap has been initialized!
2018-05-12 10:25:35,381 [9] DEBUG MES.SocketService - Listener (0.0.0.0:6543) was started
2018-05-12 10:25:35,386 [9] DEBUG DefaultBootstrap - The PerformanceMonitor has been started!
2018-05-12 10:45:51,488 [5] DEBUG DefaultBootstrap - The server instance MES.SocketService has been created!
2018-05-12 10:45:51,554 [5] DEBUG DefaultBootstrap - The server instance MES.SocketService has been initialized!
2018-05-12 10:45:54,939 [5] DEBUG DefaultBootstrap - The PerformanceMonitor has been initialized!
2018-05-12 10:45:54,939 [5] DEBUG DefaultBootstrap - The Bootstrap has been initialized!
2018-05-12 10:45:54,953 [5] DEBUG MES.SocketService - Listener (0.0.0.0:6543) was started
2018-05-12 10:45:54,958 [5] DEBUG DefaultBootstrap - The PerformanceMonitor has been started!
2018-05-12 10:48:27,283 [12] DEBUG MES.SocketService - Listener (0.0.0.0:6543) was stoppped
2018-05-12 10:48:27,284 [12] DEBUG DefaultBootstrap - The PerformanceMonitor has been stoppped!
2018-05-12 10:53:13,540 [9] DEBUG DefaultBootstrap - The server instance MES.SocketService has been created!
2018-05-12 10:53:13,599 [9] DEBUG DefaultBootstrap - The server instance MES.SocketService has been initialized!
2018-05-12 10:53:16,778 [9] DEBUG DefaultBootstrap - The PerformanceMonitor has been initialized!
2018-05-12 10:53:16,778 [9] DEBUG DefaultBootstrap - The Bootstrap has been initialized!
2018-05-12 10:53:16,801 [9] DEBUG MES.SocketService - Listener (0.0.0.0:6543) was started
2018-05-12 10:53:16,806 [9] DEBUG DefaultBootstrap - The PerformanceMonitor has been started!
2018-05-12 23:33:47,032 [8] DEBUG DefaultBootstrap - The server instance MES.SocketService has been created!
2018-05-12 23:33:47,094 [8] DEBUG DefaultBootstrap - The server instance MES.SocketService has been initialized!
2018-05-12 23:33:50,445 [8] DEBUG DefaultBootstrap - The PerformanceMonitor has been initialized!
2018-05-12 23:33:50,446 [8] DEBUG DefaultBootstrap - The Bootstrap has been initialized!
2018-05-12 23:33:50,469 [8] DEBUG MES.SocketService - Listener (0.0.0.0:6543) was started
2018-05-12 23:33:50,474 [8] DEBUG DefaultBootstrap - The PerformanceMonitor has been started!
