2018-05-14 10:19:07,095 [15] ERROR MES.SocketService - MES.SocketService.MesSession
System.NullReferenceException: 未将对象引用设置到对象的实例。
   在 MES.SocketService.SNC.ExecuteCommand(MesSession session, StringRequestInfo requestInfo) 位置 E:\workspace\SourceCode\EasyCareAuto\IAMESServer\MES.SocketService\Commands\SNC.cs:行号 25
   在 SuperSocket.SocketBase.AppServerBase`2.ExecuteCommand(TAppSession session, TRequestInfo requestInfo)
   在 SuperSocket.SocketBase.AppServerBase`2.ExecuteCommand(IAppSession session, TRequestInfo requestInfo)
   在 SuperSocket.SocketBase.AppSession`2.SuperSocket.SocketBase.IAppSession.ProcessRequest(Byte[] readBuffer, Int32 offset, Int32 length, Boolean toBeCopied)
2018-05-14 10:20:32,483 [18] ERROR MES.SocketService - MES.SocketService.MesSession
System.NullReferenceException: 未将对象引用设置到对象的实例。
   在 MES.SocketService.SNC.ExecuteCommand(MesSession session, StringRequestInfo requestInfo) 位置 E:\workspace\SourceCode\EasyCareAuto\IAMESServer\MES.SocketService\Commands\SNC.cs:行号 25
   在 SuperSocket.SocketBase.AppServerBase`2.ExecuteCommand(TAppSession session, TRequestInfo requestInfo)
   在 SuperSocket.SocketBase.AppServerBase`2.ExecuteCommand(IAppSession session, TRequestInfo requestInfo)
   在 SuperSocket.SocketBase.AppSession`2.SuperSocket.SocketBase.IAppSession.ProcessRequest(Byte[] readBuffer, Int32 offset, Int32 length, Boolean toBeCopied)
2018-05-14 10:24:03,345 [18] ERROR MES.SocketService - MES.SocketService.MesSession
System.NullReferenceException: 未将对象引用设置到对象的实例。
   在 MES.SocketService.SNC.ExecuteCommand(MesSession session, StringRequestInfo requestInfo) 位置 E:\workspace\SourceCode\EasyCareAuto\IAMESServer\MES.SocketService\Commands\SNC.cs:行号 25
   在 SuperSocket.SocketBase.AppServerBase`2.ExecuteCommand(TAppSession session, TRequestInfo requestInfo)
   在 SuperSocket.SocketBase.AppServerBase`2.ExecuteCommand(IAppSession session, TRequestInfo requestInfo)
   在 SuperSocket.SocketBase.AppSession`2.SuperSocket.SocketBase.IAppSession.ProcessRequest(Byte[] readBuffer, Int32 offset, Int32 length, Boolean toBeCopied)
2018-05-14 10:24:05,452 [18] ERROR MES.SocketService - MES.SocketService.MesSession
System.NullReferenceException: 未将对象引用设置到对象的实例。
   在 MES.SocketService.SNC.ExecuteCommand(MesSession session, StringRequestInfo requestInfo) 位置 E:\workspace\SourceCode\EasyCareAuto\IAMESServer\MES.SocketService\Commands\SNC.cs:行号 25
   在 SuperSocket.SocketBase.AppServerBase`2.ExecuteCommand(TAppSession session, TRequestInfo requestInfo)
   在 SuperSocket.SocketBase.AppServerBase`2.ExecuteCommand(IAppSession session, TRequestInfo requestInfo)
   在 SuperSocket.SocketBase.AppSession`2.SuperSocket.SocketBase.IAppSession.ProcessRequest(Byte[] readBuffer, Int32 offset, Int32 length, Boolean toBeCopied)
2018-05-14 10:24:18,472 [18] ERROR MES.SocketService - json 序列化错误:Unexpected character encountered while parsing value: S. Path '', line 0, position 0.，json字符串：SNC 
2018-05-14 10:27:55,353 [15] ERROR MES.SocketService - 通讯协议错误(正确格式为：三位功能码 + 空格 + json字符串 + 回车换行[
]).
2018-05-14 10:28:06,541 [15] ERROR MES.SocketService - 通讯协议错误(正确格式为：三位功能码 + 空格 + json字符串 + 回车换行[
]).
2018-05-14 10:28:08,449 [17] ERROR MES.SocketService - 通讯协议错误(正确格式为：三位功能码 + 空格 + json字符串 + 回车换行[
]).
2018-05-14 10:28:10,031 [15] ERROR MES.SocketService - 通讯协议错误(正确格式为：三位功能码 + 空格 + json字符串 + 回车换行[
]).
2018-05-14 10:28:11,890 [15] ERROR MES.SocketService - 通讯协议错误(正确格式为：三位功能码 + 空格 + json字符串 + 回车换行[
]).
2018-05-14 10:28:13,513 [14] ERROR MES.SocketService - 通讯协议错误(正确格式为：三位功能码 + 空格 + json字符串 + 回车换行[
]).
2018-05-14 10:28:15,182 [17] ERROR MES.SocketService - 通讯协议错误(正确格式为：三位功能码 + 空格 + json字符串 + 回车换行[
]).
2018-05-14 10:29:07,161 [16] ERROR MES.SocketService - 通讯协议错误(正确格式为：三位功能码 + 空格 + json字符串 + 回车换行符号).
2018-05-14 10:29:11,300 [17] ERROR MES.SocketService - 通讯协议错误(正确格式为：三位功能码 + 空格 + json字符串 + 回车换行符号).
2018-05-14 10:29:11,409 [16] ERROR MES.SocketService - 通讯协议错误(正确格式为：三位功能码 + 空格 + json字符串 + 回车换行符号).
2018-05-14 10:29:11,518 [6] ERROR MES.SocketService - 通讯协议错误(正确格式为：三位功能码 + 空格 + json字符串 + 回车换行符号).
2018-05-14 10:29:11,627 [16] ERROR MES.SocketService - 通讯协议错误(正确格式为：三位功能码 + 空格 + json字符串 + 回车换行符号).
2018-05-14 10:29:11,736 [6] ERROR MES.SocketService - 通讯协议错误(正确格式为：三位功能码 + 空格 + json字符串 + 回车换行符号).
2018-05-14 10:29:11,846 [16] ERROR MES.SocketService - 通讯协议错误(正确格式为：三位功能码 + 空格 + json字符串 + 回车换行符号).
2018-05-14 10:29:11,957 [17] ERROR MES.SocketService - 通讯协议错误(正确格式为：三位功能码 + 空格 + json字符串 + 回车换行符号).
2018-05-14 10:29:12,066 [6] ERROR MES.SocketService - 通讯协议错误(正确格式为：三位功能码 + 空格 + json字符串 + 回车换行符号).
2018-05-14 10:29:12,175 [16] ERROR MES.SocketService - 通讯协议错误(正确格式为：三位功能码 + 空格 + json字符串 + 回车换行符号).
2018-05-14 10:29:12,284 [6] ERROR MES.SocketService - 通讯协议错误(正确格式为：三位功能码 + 空格 + json字符串 + 回车换行符号).
2018-05-14 10:29:12,394 [17] ERROR MES.SocketService - 通讯协议错误(正确格式为：三位功能码 + 空格 + json字符串 + 回车换行符号).
2018-05-14 10:29:12,503 [6] ERROR MES.SocketService - 通讯协议错误(正确格式为：三位功能码 + 空格 + json字符串 + 回车换行符号).
2018-05-14 10:29:12,612 [16] ERROR MES.SocketService - 通讯协议错误(正确格式为：三位功能码 + 空格 + json字符串 + 回车换行符号).
2018-05-14 10:29:12,721 [6] ERROR MES.SocketService - 通讯协议错误(正确格式为：三位功能码 + 空格 + json字符串 + 回车换行符号).
2018-05-14 10:29:12,830 [17] ERROR MES.SocketService - 通讯协议错误(正确格式为：三位功能码 + 空格 + json字符串 + 回车换行符号).
2018-05-14 10:29:12,940 [6] ERROR MES.SocketService - 通讯协议错误(正确格式为：三位功能码 + 空格 + json字符串 + 回车换行符号).
2018-05-14 10:29:13,049 [16] ERROR MES.SocketService - 通讯协议错误(正确格式为：三位功能码 + 空格 + json字符串 + 回车换行符号).
2018-05-14 10:29:13,158 [6] ERROR MES.SocketService - 通讯协议错误(正确格式为：三位功能码 + 空格 + json字符串 + 回车换行符号).
2018-05-14 10:29:13,267 [16] ERROR MES.SocketService - 通讯协议错误(正确格式为：三位功能码 + 空格 + json字符串 + 回车换行符号).
2018-05-14 10:29:13,376 [17] ERROR MES.SocketService - 通讯协议错误(正确格式为：三位功能码 + 空格 + json字符串 + 回车换行符号).
2018-05-14 10:29:13,486 [17] ERROR MES.SocketService - 通讯协议错误(正确格式为：三位功能码 + 空格 + json字符串 + 回车换行符号).
2018-05-14 10:29:13,595 [6] ERROR MES.SocketService - 通讯协议错误(正确格式为：三位功能码 + 空格 + json字符串 + 回车换行符号).
2018-05-14 10:29:13,704 [16] ERROR MES.SocketService - 通讯协议错误(正确格式为：三位功能码 + 空格 + json字符串 + 回车换行符号).
2018-05-14 10:29:13,813 [17] ERROR MES.SocketService - 通讯协议错误(正确格式为：三位功能码 + 空格 + json字符串 + 回车换行符号).
2018-05-14 10:29:13,922 [6] ERROR MES.SocketService - 通讯协议错误(正确格式为：三位功能码 + 空格 + json字符串 + 回车换行符号).
2018-05-14 10:29:14,032 [16] ERROR MES.SocketService - 通讯协议错误(正确格式为：三位功能码 + 空格 + json字符串 + 回车换行符号).
2018-05-14 10:29:14,141 [17] ERROR MES.SocketService - 通讯协议错误(正确格式为：三位功能码 + 空格 + json字符串 + 回车换行符号).
2018-05-14 10:29:14,250 [6] ERROR MES.SocketService - 通讯协议错误(正确格式为：三位功能码 + 空格 + json字符串 + 回车换行符号).
2018-05-14 10:29:14,359 [16] ERROR MES.SocketService - 通讯协议错误(正确格式为：三位功能码 + 空格 + json字符串 + 回车换行符号).
2018-05-14 10:29:14,468 [17] ERROR MES.SocketService - 通讯协议错误(正确格式为：三位功能码 + 空格 + json字符串 + 回车换行符号).
2018-05-14 10:29:14,578 [6] ERROR MES.SocketService - 通讯协议错误(正确格式为：三位功能码 + 空格 + json字符串 + 回车换行符号).
2018-05-14 10:29:14,674 [16] ERROR MES.SocketService - 通讯协议错误(正确格式为：三位功能码 + 空格 + json字符串 + 回车换行符号).
2018-05-14 10:29:14,783 [17] ERROR MES.SocketService - 通讯协议错误(正确格式为：三位功能码 + 空格 + json字符串 + 回车换行符号).
2018-05-14 10:29:14,908 [6] ERROR MES.SocketService - 通讯协议错误(正确格式为：三位功能码 + 空格 + json字符串 + 回车换行符号).
2018-05-14 10:29:15,002 [16] ERROR MES.SocketService - 通讯协议错误(正确格式为：三位功能码 + 空格 + json字符串 + 回车换行符号).
2018-05-14 10:29:15,111 [17] ERROR MES.SocketService - 通讯协议错误(正确格式为：三位功能码 + 空格 + json字符串 + 回车换行符号).
2018-05-14 10:29:15,220 [16] ERROR MES.SocketService - 通讯协议错误(正确格式为：三位功能码 + 空格 + json字符串 + 回车换行符号).
2018-05-14 10:29:15,329 [6] ERROR MES.SocketService - 通讯协议错误(正确格式为：三位功能码 + 空格 + json字符串 + 回车换行符号).
2018-05-14 10:29:15,439 [17] ERROR MES.SocketService - 通讯协议错误(正确格式为：三位功能码 + 空格 + json字符串 + 回车换行符号).
2018-05-14 10:29:15,548 [16] ERROR MES.SocketService - 通讯协议错误(正确格式为：三位功能码 + 空格 + json字符串 + 回车换行符号).
2018-05-14 10:29:15,657 [6] ERROR MES.SocketService - 通讯协议错误(正确格式为：三位功能码 + 空格 + json字符串 + 回车换行符号).
2018-05-14 10:29:15,766 [17] ERROR MES.SocketService - 通讯协议错误(正确格式为：三位功能码 + 空格 + json字符串 + 回车换行符号).
2018-05-14 10:29:15,877 [16] ERROR MES.SocketService - 通讯协议错误(正确格式为：三位功能码 + 空格 + json字符串 + 回车换行符号).
2018-05-14 10:29:15,987 [6] ERROR MES.SocketService - 通讯协议错误(正确格式为：三位功能码 + 空格 + json字符串 + 回车换行符号).
2018-05-14 10:29:16,096 [16] ERROR MES.SocketService - 通讯协议错误(正确格式为：三位功能码 + 空格 + json字符串 + 回车换行符号).
2018-05-14 10:29:16,205 [17] ERROR MES.SocketService - 通讯协议错误(正确格式为：三位功能码 + 空格 + json字符串 + 回车换行符号).
2018-05-14 10:29:16,314 [16] ERROR MES.SocketService - 通讯协议错误(正确格式为：三位功能码 + 空格 + json字符串 + 回车换行符号).
2018-05-14 10:29:16,439 [6] ERROR MES.SocketService - 通讯协议错误(正确格式为：三位功能码 + 空格 + json字符串 + 回车换行符号).
2018-05-14 10:29:16,533 [16] ERROR MES.SocketService - 通讯协议错误(正确格式为：三位功能码 + 空格 + json字符串 + 回车换行符号).
2018-05-14 11:06:10,061 [27] ERROR MES.SocketService - 通讯协议错误(正确格式为：三位功能码 + 空格 + json字符串 + 回车换行符号).
2018-05-14 11:07:30,467 [28] ERROR MES.SocketService - json 序列化错误:Unexpected character encountered while parsing value: “. Path 'SN', line 1, position 51.，json字符串：  {"WO":"WO0231","EquipmentID":"L01.OP010.1","SN":“DS201568974”,"PartCode":null,"CheckResult":null,"Description":null,"TestItems":{}}
2018-05-14 11:08:45,417 [22] ERROR MES.SocketService - json 序列化错误:Unexpected character encountered while parsing value: “. Path 'SN', line 1, position 51.，json字符串：  {"WO":"WO0231","EquipmentID":"L01.OP010.1","SN":“DS201568974”,"PartCode":null,"CheckResult":null,"Description":null,"TestItems":{}}
2018-05-14 11:08:48,823 [16] ERROR MES.SocketService - json 序列化错误:Unexpected character encountered while parsing value: “. Path 'SN', line 1, position 51.，json字符串：  {"WO":"WO0231","EquipmentID":"L01.OP010.1","SN":“DS201568974”,"PartCode":null,"CheckResult":null,"Description":null,"TestItems":{}}
2018-05-14 11:10:48,533 [22] ERROR MES.SocketService - json 序列化错误:Unexpected character encountered while parsing value: “. Path 'SN', line 1, position 51.，json字符串：  {"WO":"WO0231","EquipmentID":"L01.OP010.1","SN":“DS201568974”,"PartCode":null,"CheckResult":null,"Description":null,"TestItems":{}}
2018-05-14 11:13:34,850 [19] ERROR MES.SocketService - 通讯协议错误(正确格式为：三位功能码 + 空格 + json字符串 + 回车换行符号).
2018-05-14 23:34:35,751 [16] ERROR MES.SocketService - Session: dc1b2893-ee22-49df-808b-5e430ec95d9f/192.168.0.42:59749
Protocol error
System.ArgumentException: 目标数组的长度不足，无法复制集合中的所有项。请检查数组索引和长度。
   在 System.ThrowHelper.ThrowArgumentException(ExceptionResource resource)
   在 System.BitConverter.ToInt32(Byte[] value, Int32 startIndex)
   在 MES.SocketService.MesProtocolReceiveFilter.GetBodyLengthFromHeader(Byte[] header, Int32 offset, Int32 length) 位置 E:\workspace\SourceCode\EasyCareIAMES\src\MES.SocketService\ReceiveFilter\MesProtocolReceiveFilter.cs:行号 27
   在 SuperSocket.Facility.Protocol.FixedHeaderReceiveFilter`1.ProcessMatchedRequest(Byte[] buffer, Int32 offset, Int32 length, Boolean toBeCopied)
   在 SuperSocket.Facility.Protocol.FixedSizeReceiveFilter`1.Filter(Byte[] readBuffer, Int32 offset, Int32 length, Boolean toBeCopied, Int32& rest)
   在 SuperSocket.Facility.Protocol.FixedHeaderReceiveFilter`1.Filter(Byte[] readBuffer, Int32 offset, Int32 length, Boolean toBeCopied, Int32& rest)
   在 SuperSocket.SocketBase.AppSession`2.FilterRequest(Byte[] readBuffer, Int32 offset, Int32 length, Boolean toBeCopied, Int32& rest, Int32& offsetDelta)
   在 SuperSocket.SocketBase.AppSession`2.SuperSocket.SocketBase.IAppSession.ProcessRequest(Byte[] readBuffer, Int32 offset, Int32 length, Boolean toBeCopied)
   在 SuperSocket.SocketEngine.AsyncSocketSession.ProcessReceive(SocketAsyncEventArgs e)
2018-05-14 23:35:19,889 [17] ERROR MES.SocketService - Session: 2fa80701-417b-4597-9c60-1d50a9bb20b8/192.168.0.42:59843
Protocol error
System.ArgumentException: 目标数组的长度不足，无法复制集合中的所有项。请检查数组索引和长度。
   在 System.ThrowHelper.ThrowArgumentException(ExceptionResource resource)
   在 System.BitConverter.ToInt32(Byte[] value, Int32 startIndex)
   在 MES.SocketService.MesProtocolReceiveFilter.GetBodyLengthFromHeader(Byte[] header, Int32 offset, Int32 length) 位置 E:\workspace\SourceCode\EasyCareIAMES\src\MES.SocketService\ReceiveFilter\MesProtocolReceiveFilter.cs:行号 27
   在 SuperSocket.Facility.Protocol.FixedHeaderReceiveFilter`1.ProcessMatchedRequest(Byte[] buffer, Int32 offset, Int32 length, Boolean toBeCopied)
   在 SuperSocket.Facility.Protocol.FixedSizeReceiveFilter`1.Filter(Byte[] readBuffer, Int32 offset, Int32 length, Boolean toBeCopied, Int32& rest)
   在 SuperSocket.Facility.Protocol.FixedHeaderReceiveFilter`1.Filter(Byte[] readBuffer, Int32 offset, Int32 length, Boolean toBeCopied, Int32& rest)
   在 SuperSocket.SocketBase.AppSession`2.FilterRequest(Byte[] readBuffer, Int32 offset, Int32 length, Boolean toBeCopied, Int32& rest, Int32& offsetDelta)
   在 SuperSocket.SocketBase.AppSession`2.SuperSocket.SocketBase.IAppSession.ProcessRequest(Byte[] readBuffer, Int32 offset, Int32 length, Boolean toBeCopied)
   在 SuperSocket.SocketEngine.AsyncSocketSession.ProcessReceive(SocketAsyncEventArgs e)
2018-05-14 23:35:27,246 [16] ERROR MES.SocketService - Session: 99e3f666-8897-49d4-b2a3-6a9b9fc9c6d8/192.168.0.42:59844
Protocol error
System.ArgumentException: 目标数组的长度不足，无法复制集合中的所有项。请检查数组索引和长度。
   在 System.ThrowHelper.ThrowArgumentException(ExceptionResource resource)
   在 System.BitConverter.ToInt32(Byte[] value, Int32 startIndex)
   在 MES.SocketService.MesProtocolReceiveFilter.GetBodyLengthFromHeader(Byte[] header, Int32 offset, Int32 length) 位置 E:\workspace\SourceCode\EasyCareIAMES\src\MES.SocketService\ReceiveFilter\MesProtocolReceiveFilter.cs:行号 27
   在 SuperSocket.Facility.Protocol.FixedHeaderReceiveFilter`1.ProcessMatchedRequest(Byte[] buffer, Int32 offset, Int32 length, Boolean toBeCopied)
   在 SuperSocket.Facility.Protocol.FixedSizeReceiveFilter`1.Filter(Byte[] readBuffer, Int32 offset, Int32 length, Boolean toBeCopied, Int32& rest)
   在 SuperSocket.Facility.Protocol.FixedHeaderReceiveFilter`1.Filter(Byte[] readBuffer, Int32 offset, Int32 length, Boolean toBeCopied, Int32& rest)
   在 SuperSocket.SocketBase.AppSession`2.FilterRequest(Byte[] readBuffer, Int32 offset, Int32 length, Boolean toBeCopied, Int32& rest, Int32& offsetDelta)
   在 SuperSocket.SocketBase.AppSession`2.SuperSocket.SocketBase.IAppSession.ProcessRequest(Byte[] readBuffer, Int32 offset, Int32 length, Boolean toBeCopied)
   在 SuperSocket.SocketEngine.AsyncSocketSession.ProcessReceive(SocketAsyncEventArgs e)
2018-05-14 23:35:42,322 [16] ERROR MES.SocketService - Session: 00b5a115-3cd3-4412-b2ce-8edc22d1175b/192.168.0.42:59846
Protocol error
System.ArgumentException: 目标数组的长度不足，无法复制集合中的所有项。请检查数组索引和长度。
   在 System.ThrowHelper.ThrowArgumentException(ExceptionResource resource)
   在 System.BitConverter.ToInt32(Byte[] value, Int32 startIndex)
   在 MES.SocketService.MesProtocolReceiveFilter.GetBodyLengthFromHeader(Byte[] header, Int32 offset, Int32 length) 位置 E:\workspace\SourceCode\EasyCareIAMES\src\MES.SocketService\ReceiveFilter\MesProtocolReceiveFilter.cs:行号 27
   在 SuperSocket.Facility.Protocol.FixedHeaderReceiveFilter`1.ProcessMatchedRequest(Byte[] buffer, Int32 offset, Int32 length, Boolean toBeCopied)
   在 SuperSocket.Facility.Protocol.FixedSizeReceiveFilter`1.Filter(Byte[] readBuffer, Int32 offset, Int32 length, Boolean toBeCopied, Int32& rest)
   在 SuperSocket.Facility.Protocol.FixedHeaderReceiveFilter`1.Filter(Byte[] readBuffer, Int32 offset, Int32 length, Boolean toBeCopied, Int32& rest)
   在 SuperSocket.SocketBase.AppSession`2.FilterRequest(Byte[] readBuffer, Int32 offset, Int32 length, Boolean toBeCopied, Int32& rest, Int32& offsetDelta)
   在 SuperSocket.SocketBase.AppSession`2.SuperSocket.SocketBase.IAppSession.ProcessRequest(Byte[] readBuffer, Int32 offset, Int32 length, Boolean toBeCopied)
   在 SuperSocket.SocketEngine.AsyncSocketSession.ProcessReceive(SocketAsyncEventArgs e)
2018-05-14 23:36:05,938 [16] ERROR MES.SocketService - Session: bd2e19cb-c3d4-4f7a-8254-81d77b355d5d/192.168.0.42:59847
Protocol error
System.ArgumentException: 目标数组的长度不足，无法复制集合中的所有项。请检查数组索引和长度。
   在 System.ThrowHelper.ThrowArgumentException(ExceptionResource resource)
   在 System.BitConverter.ToInt32(Byte[] value, Int32 startIndex)
   在 MES.SocketService.MesProtocolReceiveFilter.GetBodyLengthFromHeader(Byte[] header, Int32 offset, Int32 length) 位置 E:\workspace\SourceCode\EasyCareIAMES\src\MES.SocketService\ReceiveFilter\MesProtocolReceiveFilter.cs:行号 27
   在 SuperSocket.Facility.Protocol.FixedHeaderReceiveFilter`1.ProcessMatchedRequest(Byte[] buffer, Int32 offset, Int32 length, Boolean toBeCopied)
   在 SuperSocket.Facility.Protocol.FixedSizeReceiveFilter`1.Filter(Byte[] readBuffer, Int32 offset, Int32 length, Boolean toBeCopied, Int32& rest)
   在 SuperSocket.Facility.Protocol.FixedHeaderReceiveFilter`1.Filter(Byte[] readBuffer, Int32 offset, Int32 length, Boolean toBeCopied, Int32& rest)
   在 SuperSocket.SocketBase.AppSession`2.FilterRequest(Byte[] readBuffer, Int32 offset, Int32 length, Boolean toBeCopied, Int32& rest, Int32& offsetDelta)
   在 SuperSocket.SocketBase.AppSession`2.SuperSocket.SocketBase.IAppSession.ProcessRequest(Byte[] readBuffer, Int32 offset, Int32 length, Boolean toBeCopied)
   在 SuperSocket.SocketEngine.AsyncSocketSession.ProcessReceive(SocketAsyncEventArgs e)
2018-05-14 23:46:36,068 [15] ERROR MES.SocketService - 通讯协议错误(正确格式为：三位功能码 + 空格 + json字符串 + 回车换行符号).
