2018-05-13 17:36:50,022 [17] ERROR MES.SocketService - MES.SocketService.MesSession
System.FormatException: 输入字符串的格式不正确。
   在 System.Number.StringToNumber(String str, NumberStyles options, NumberBuffer& number, NumberFormatInfo info, Boolean parseDecimal)
   在 System.Number.ParseInt32(String s, NumberStyles style, NumberFormatInfo info)
   在 System.Convert.ToInt32(String value)
   在 MES.SocketService.SNC.<>c.<ExecuteCommand>b__0_0(String p) 位置 E:\workspace\SourceCode\EasyCareAuto\IAMESServer\MES.SocketService\Commands\SNC.cs:行号 24
   在 System.Linq.Enumerable.WhereSelectArrayIterator`2.MoveNext()
   在 System.Linq.Enumerable.Sum(IEnumerable`1 source)
   在 MES.SocketService.SNC.ExecuteCommand(MesSession session, StringRequestInfo requestInfo) 位置 E:\workspace\SourceCode\EasyCareAuto\IAMESServer\MES.SocketService\Commands\SNC.cs:行号 24
   在 SuperSocket.SocketBase.AppServerBase`2.ExecuteCommand(TAppSession session, TRequestInfo requestInfo)
   在 SuperSocket.SocketBase.AppServerBase`2.ExecuteCommand(IAppSession session, TRequestInfo requestInfo)
   在 SuperSocket.SocketBase.AppSession`2.SuperSocket.SocketBase.IAppSession.ProcessRequest(Byte[] readBuffer, Int32 offset, Int32 length, Boolean toBeCopied)
2018-05-13 17:38:00,909 [17] ERROR MES.SocketService - MES.SocketService.MesSession
System.FormatException: 输入字符串的格式不正确。
   在 System.Number.StringToNumber(String str, NumberStyles options, NumberBuffer& number, NumberFormatInfo info, Boolean parseDecimal)
   在 System.Number.ParseInt32(String s, NumberStyles style, NumberFormatInfo info)
   在 System.Convert.ToInt32(String value)
   在 MES.SocketService.SNC.<>c.<ExecuteCommand>b__0_0(String p) 位置 E:\workspace\SourceCode\EasyCareAuto\IAMESServer\MES.SocketService\Commands\SNC.cs:行号 24
   在 System.Linq.Enumerable.WhereSelectArrayIterator`2.MoveNext()
   在 System.Linq.Enumerable.Sum(IEnumerable`1 source)
   在 MES.SocketService.SNC.ExecuteCommand(MesSession session, StringRequestInfo requestInfo) 位置 E:\workspace\SourceCode\EasyCareAuto\IAMESServer\MES.SocketService\Commands\SNC.cs:行号 24
   在 SuperSocket.SocketBase.AppServerBase`2.ExecuteCommand(TAppSession session, TRequestInfo requestInfo)
   在 SuperSocket.SocketBase.AppServerBase`2.ExecuteCommand(IAppSession session, TRequestInfo requestInfo)
   在 SuperSocket.SocketBase.AppSession`2.SuperSocket.SocketBase.IAppSession.ProcessRequest(Byte[] readBuffer, Int32 offset, Int32 length, Boolean toBeCopied)
2018-05-13 17:42:13,101 [17] ERROR MES.SocketService - MES.SocketService.MesSession
System.FormatException: 输入字符串的格式不正确。
   在 System.Number.StringToNumber(String str, NumberStyles options, NumberBuffer& number, NumberFormatInfo info, Boolean parseDecimal)
   在 System.Number.ParseInt32(String s, NumberStyles style, NumberFormatInfo info)
   在 System.Convert.ToInt32(String value)
   在 MES.SocketService.SNC.<>c.<ExecuteCommand>b__0_0(String p) 位置 E:\workspace\SourceCode\EasyCareAuto\IAMESServer\MES.SocketService\Commands\SNC.cs:行号 24
   在 System.Linq.Enumerable.WhereSelectArrayIterator`2.MoveNext()
   在 System.Linq.Enumerable.Sum(IEnumerable`1 source)
   在 MES.SocketService.SNC.ExecuteCommand(MesSession session, StringRequestInfo requestInfo) 位置 E:\workspace\SourceCode\EasyCareAuto\IAMESServer\MES.SocketService\Commands\SNC.cs:行号 24
   在 SuperSocket.SocketBase.AppServerBase`2.ExecuteCommand(TAppSession session, TRequestInfo requestInfo)
   在 SuperSocket.SocketBase.AppServerBase`2.ExecuteCommand(IAppSession session, TRequestInfo requestInfo)
   在 SuperSocket.SocketBase.AppSession`2.SuperSocket.SocketBase.IAppSession.ProcessRequest(Byte[] readBuffer, Int32 offset, Int32 length, Boolean toBeCopied)
2018-05-13 17:42:52,252 [19] ERROR MES.SocketService - MES.SocketService.MesSession
System.FormatException: 输入字符串的格式不正确。
   在 System.Number.StringToNumber(String str, NumberStyles options, NumberBuffer& number, NumberFormatInfo info, Boolean parseDecimal)
   在 System.Number.ParseInt32(String s, NumberStyles style, NumberFormatInfo info)
   在 System.Convert.ToInt32(String value)
   在 MES.SocketService.SNC.<>c.<ExecuteCommand>b__0_0(String p) 位置 E:\workspace\SourceCode\EasyCareAuto\IAMESServer\MES.SocketService\Commands\SNC.cs:行号 24
   在 System.Linq.Enumerable.WhereSelectArrayIterator`2.MoveNext()
   在 System.Linq.Enumerable.Sum(IEnumerable`1 source)
   在 MES.SocketService.SNC.ExecuteCommand(MesSession session, StringRequestInfo requestInfo) 位置 E:\workspace\SourceCode\EasyCareAuto\IAMESServer\MES.SocketService\Commands\SNC.cs:行号 24
   在 SuperSocket.SocketBase.AppServerBase`2.ExecuteCommand(TAppSession session, TRequestInfo requestInfo)
   在 SuperSocket.SocketBase.AppServerBase`2.ExecuteCommand(IAppSession session, TRequestInfo requestInfo)
   在 SuperSocket.SocketBase.AppSession`2.SuperSocket.SocketBase.IAppSession.ProcessRequest(Byte[] readBuffer, Int32 offset, Int32 length, Boolean toBeCopied)
2018-05-13 17:43:07,858 [19] ERROR MES.SocketService - MES.SocketService.MesSession
System.FormatException: 输入字符串的格式不正确。
   在 System.Number.StringToNumber(String str, NumberStyles options, NumberBuffer& number, NumberFormatInfo info, Boolean parseDecimal)
   在 System.Number.ParseInt32(String s, NumberStyles style, NumberFormatInfo info)
   在 System.Convert.ToInt32(String value)
   在 MES.SocketService.SNC.<>c.<ExecuteCommand>b__0_0(String p) 位置 E:\workspace\SourceCode\EasyCareAuto\IAMESServer\MES.SocketService\Commands\SNC.cs:行号 24
   在 System.Linq.Enumerable.WhereSelectArrayIterator`2.MoveNext()
   在 System.Linq.Enumerable.Sum(IEnumerable`1 source)
   在 MES.SocketService.SNC.ExecuteCommand(MesSession session, StringRequestInfo requestInfo) 位置 E:\workspace\SourceCode\EasyCareAuto\IAMESServer\MES.SocketService\Commands\SNC.cs:行号 24
   在 SuperSocket.SocketBase.AppServerBase`2.ExecuteCommand(TAppSession session, TRequestInfo requestInfo)
   在 SuperSocket.SocketBase.AppServerBase`2.ExecuteCommand(IAppSession session, TRequestInfo requestInfo)
   在 SuperSocket.SocketBase.AppSession`2.SuperSocket.SocketBase.IAppSession.ProcessRequest(Byte[] readBuffer, Int32 offset, Int32 length, Boolean toBeCopied)
2018-05-13 17:43:12,875 [19] ERROR MES.SocketService - MES.SocketService.MesSession
System.FormatException: 输入字符串的格式不正确。
   在 System.Number.StringToNumber(String str, NumberStyles options, NumberBuffer& number, NumberFormatInfo info, Boolean parseDecimal)
   在 System.Number.ParseInt32(String s, NumberStyles style, NumberFormatInfo info)
   在 System.Convert.ToInt32(String value)
   在 MES.SocketService.SNC.<>c.<ExecuteCommand>b__0_0(String p) 位置 E:\workspace\SourceCode\EasyCareAuto\IAMESServer\MES.SocketService\Commands\SNC.cs:行号 24
   在 System.Linq.Enumerable.WhereSelectArrayIterator`2.MoveNext()
   在 System.Linq.Enumerable.Sum(IEnumerable`1 source)
   在 MES.SocketService.SNC.ExecuteCommand(MesSession session, StringRequestInfo requestInfo) 位置 E:\workspace\SourceCode\EasyCareAuto\IAMESServer\MES.SocketService\Commands\SNC.cs:行号 24
   在 SuperSocket.SocketBase.AppServerBase`2.ExecuteCommand(TAppSession session, TRequestInfo requestInfo)
   在 SuperSocket.SocketBase.AppServerBase`2.ExecuteCommand(IAppSession session, TRequestInfo requestInfo)
   在 SuperSocket.SocketBase.AppSession`2.SuperSocket.SocketBase.IAppSession.ProcessRequest(Byte[] readBuffer, Int32 offset, Int32 length, Boolean toBeCopied)
2018-05-13 17:43:40,738 [19] ERROR MES.SocketService - MES.SocketService.MesSession
System.FormatException: 输入字符串的格式不正确。
   在 System.Number.StringToNumber(String str, NumberStyles options, NumberBuffer& number, NumberFormatInfo info, Boolean parseDecimal)
   在 System.Number.ParseInt32(String s, NumberStyles style, NumberFormatInfo info)
   在 System.Convert.ToInt32(String value)
   在 MES.SocketService.SNC.<>c.<ExecuteCommand>b__0_0(String p) 位置 E:\workspace\SourceCode\EasyCareAuto\IAMESServer\MES.SocketService\Commands\SNC.cs:行号 24
   在 System.Linq.Enumerable.WhereSelectArrayIterator`2.MoveNext()
   在 System.Linq.Enumerable.Sum(IEnumerable`1 source)
   在 MES.SocketService.SNC.ExecuteCommand(MesSession session, StringRequestInfo requestInfo) 位置 E:\workspace\SourceCode\EasyCareAuto\IAMESServer\MES.SocketService\Commands\SNC.cs:行号 24
   在 SuperSocket.SocketBase.AppServerBase`2.ExecuteCommand(TAppSession session, TRequestInfo requestInfo)
   在 SuperSocket.SocketBase.AppServerBase`2.ExecuteCommand(IAppSession session, TRequestInfo requestInfo)
   在 SuperSocket.SocketBase.AppSession`2.SuperSocket.SocketBase.IAppSession.ProcessRequest(Byte[] readBuffer, Int32 offset, Int32 length, Boolean toBeCopied)
2018-05-13 17:43:44,339 [19] ERROR MES.SocketService - MES.SocketService.MesSession
System.FormatException: 输入字符串的格式不正确。
   在 System.Number.StringToNumber(String str, NumberStyles options, NumberBuffer& number, NumberFormatInfo info, Boolean parseDecimal)
   在 System.Number.ParseInt32(String s, NumberStyles style, NumberFormatInfo info)
   在 System.Convert.ToInt32(String value)
   在 MES.SocketService.SNC.<>c.<ExecuteCommand>b__0_0(String p) 位置 E:\workspace\SourceCode\EasyCareAuto\IAMESServer\MES.SocketService\Commands\SNC.cs:行号 24
   在 System.Linq.Enumerable.WhereSelectArrayIterator`2.MoveNext()
   在 System.Linq.Enumerable.Sum(IEnumerable`1 source)
   在 MES.SocketService.SNC.ExecuteCommand(MesSession session, StringRequestInfo requestInfo) 位置 E:\workspace\SourceCode\EasyCareAuto\IAMESServer\MES.SocketService\Commands\SNC.cs:行号 24
   在 SuperSocket.SocketBase.AppServerBase`2.ExecuteCommand(TAppSession session, TRequestInfo requestInfo)
   在 SuperSocket.SocketBase.AppServerBase`2.ExecuteCommand(IAppSession session, TRequestInfo requestInfo)
   在 SuperSocket.SocketBase.AppSession`2.SuperSocket.SocketBase.IAppSession.ProcessRequest(Byte[] readBuffer, Int32 offset, Int32 length, Boolean toBeCopied)
2018-05-13 17:43:45,869 [19] ERROR MES.SocketService - MES.SocketService.MesSession
System.FormatException: 输入字符串的格式不正确。
   在 System.Number.StringToNumber(String str, NumberStyles options, NumberBuffer& number, NumberFormatInfo info, Boolean parseDecimal)
   在 System.Number.ParseInt32(String s, NumberStyles style, NumberFormatInfo info)
   在 System.Convert.ToInt32(String value)
   在 MES.SocketService.SNC.<>c.<ExecuteCommand>b__0_0(String p) 位置 E:\workspace\SourceCode\EasyCareAuto\IAMESServer\MES.SocketService\Commands\SNC.cs:行号 24
   在 System.Linq.Enumerable.WhereSelectArrayIterator`2.MoveNext()
   在 System.Linq.Enumerable.Sum(IEnumerable`1 source)
   在 MES.SocketService.SNC.ExecuteCommand(MesSession session, StringRequestInfo requestInfo) 位置 E:\workspace\SourceCode\EasyCareAuto\IAMESServer\MES.SocketService\Commands\SNC.cs:行号 24
   在 SuperSocket.SocketBase.AppServerBase`2.ExecuteCommand(TAppSession session, TRequestInfo requestInfo)
   在 SuperSocket.SocketBase.AppServerBase`2.ExecuteCommand(IAppSession session, TRequestInfo requestInfo)
   在 SuperSocket.SocketBase.AppSession`2.SuperSocket.SocketBase.IAppSession.ProcessRequest(Byte[] readBuffer, Int32 offset, Int32 length, Boolean toBeCopied)
2018-05-13 17:43:46,847 [21] ERROR MES.SocketService - MES.SocketService.MesSession
System.FormatException: 输入字符串的格式不正确。
   在 System.Number.StringToNumber(String str, NumberStyles options, NumberBuffer& number, NumberFormatInfo info, Boolean parseDecimal)
   在 System.Number.ParseInt32(String s, NumberStyles style, NumberFormatInfo info)
   在 System.Convert.ToInt32(String value)
   在 MES.SocketService.SNC.<>c.<ExecuteCommand>b__0_0(String p) 位置 E:\workspace\SourceCode\EasyCareAuto\IAMESServer\MES.SocketService\Commands\SNC.cs:行号 24
   在 System.Linq.Enumerable.WhereSelectArrayIterator`2.MoveNext()
   在 System.Linq.Enumerable.Sum(IEnumerable`1 source)
   在 MES.SocketService.SNC.ExecuteCommand(MesSession session, StringRequestInfo requestInfo) 位置 E:\workspace\SourceCode\EasyCareAuto\IAMESServer\MES.SocketService\Commands\SNC.cs:行号 24
   在 SuperSocket.SocketBase.AppServerBase`2.ExecuteCommand(TAppSession session, TRequestInfo requestInfo)
   在 SuperSocket.SocketBase.AppServerBase`2.ExecuteCommand(IAppSession session, TRequestInfo requestInfo)
   在 SuperSocket.SocketBase.AppSession`2.SuperSocket.SocketBase.IAppSession.ProcessRequest(Byte[] readBuffer, Int32 offset, Int32 length, Boolean toBeCopied)
2018-05-13 17:43:47,725 [19] ERROR MES.SocketService - MES.SocketService.MesSession
System.FormatException: 输入字符串的格式不正确。
   在 System.Number.StringToNumber(String str, NumberStyles options, NumberBuffer& number, NumberFormatInfo info, Boolean parseDecimal)
   在 System.Number.ParseInt32(String s, NumberStyles style, NumberFormatInfo info)
   在 System.Convert.ToInt32(String value)
   在 MES.SocketService.SNC.<>c.<ExecuteCommand>b__0_0(String p) 位置 E:\workspace\SourceCode\EasyCareAuto\IAMESServer\MES.SocketService\Commands\SNC.cs:行号 24
   在 System.Linq.Enumerable.WhereSelectArrayIterator`2.MoveNext()
   在 System.Linq.Enumerable.Sum(IEnumerable`1 source)
   在 MES.SocketService.SNC.ExecuteCommand(MesSession session, StringRequestInfo requestInfo) 位置 E:\workspace\SourceCode\EasyCareAuto\IAMESServer\MES.SocketService\Commands\SNC.cs:行号 24
   在 SuperSocket.SocketBase.AppServerBase`2.ExecuteCommand(TAppSession session, TRequestInfo requestInfo)
   在 SuperSocket.SocketBase.AppServerBase`2.ExecuteCommand(IAppSession session, TRequestInfo requestInfo)
   在 SuperSocket.SocketBase.AppSession`2.SuperSocket.SocketBase.IAppSession.ProcessRequest(Byte[] readBuffer, Int32 offset, Int32 length, Boolean toBeCopied)
2018-05-13 17:43:48,283 [19] ERROR MES.SocketService - MES.SocketService.MesSession
System.FormatException: 输入字符串的格式不正确。
   在 System.Number.StringToNumber(String str, NumberStyles options, NumberBuffer& number, NumberFormatInfo info, Boolean parseDecimal)
   在 System.Number.ParseInt32(String s, NumberStyles style, NumberFormatInfo info)
   在 System.Convert.ToInt32(String value)
   在 MES.SocketService.SNC.<>c.<ExecuteCommand>b__0_0(String p) 位置 E:\workspace\SourceCode\EasyCareAuto\IAMESServer\MES.SocketService\Commands\SNC.cs:行号 24
   在 System.Linq.Enumerable.WhereSelectArrayIterator`2.MoveNext()
   在 System.Linq.Enumerable.Sum(IEnumerable`1 source)
   在 MES.SocketService.SNC.ExecuteCommand(MesSession session, StringRequestInfo requestInfo) 位置 E:\workspace\SourceCode\EasyCareAuto\IAMESServer\MES.SocketService\Commands\SNC.cs:行号 24
   在 SuperSocket.SocketBase.AppServerBase`2.ExecuteCommand(TAppSession session, TRequestInfo requestInfo)
   在 SuperSocket.SocketBase.AppServerBase`2.ExecuteCommand(IAppSession session, TRequestInfo requestInfo)
   在 SuperSocket.SocketBase.AppSession`2.SuperSocket.SocketBase.IAppSession.ProcessRequest(Byte[] readBuffer, Int32 offset, Int32 length, Boolean toBeCopied)
2018-05-13 17:43:48,503 [17] ERROR MES.SocketService - MES.SocketService.MesSession
System.FormatException: 输入字符串的格式不正确。
   在 System.Number.StringToNumber(String str, NumberStyles options, NumberBuffer& number, NumberFormatInfo info, Boolean parseDecimal)
   在 System.Number.ParseInt32(String s, NumberStyles style, NumberFormatInfo info)
   在 System.Convert.ToInt32(String value)
   在 MES.SocketService.SNC.<>c.<ExecuteCommand>b__0_0(String p) 位置 E:\workspace\SourceCode\EasyCareAuto\IAMESServer\MES.SocketService\Commands\SNC.cs:行号 24
   在 System.Linq.Enumerable.WhereSelectArrayIterator`2.MoveNext()
   在 System.Linq.Enumerable.Sum(IEnumerable`1 source)
   在 MES.SocketService.SNC.ExecuteCommand(MesSession session, StringRequestInfo requestInfo) 位置 E:\workspace\SourceCode\EasyCareAuto\IAMESServer\MES.SocketService\Commands\SNC.cs:行号 24
   在 SuperSocket.SocketBase.AppServerBase`2.ExecuteCommand(TAppSession session, TRequestInfo requestInfo)
   在 SuperSocket.SocketBase.AppServerBase`2.ExecuteCommand(IAppSession session, TRequestInfo requestInfo)
   在 SuperSocket.SocketBase.AppSession`2.SuperSocket.SocketBase.IAppSession.ProcessRequest(Byte[] readBuffer, Int32 offset, Int32 length, Boolean toBeCopied)
2018-05-13 17:43:48,702 [17] ERROR MES.SocketService - MES.SocketService.MesSession
System.FormatException: 输入字符串的格式不正确。
   在 System.Number.StringToNumber(String str, NumberStyles options, NumberBuffer& number, NumberFormatInfo info, Boolean parseDecimal)
   在 System.Number.ParseInt32(String s, NumberStyles style, NumberFormatInfo info)
   在 System.Convert.ToInt32(String value)
   在 MES.SocketService.SNC.<>c.<ExecuteCommand>b__0_0(String p) 位置 E:\workspace\SourceCode\EasyCareAuto\IAMESServer\MES.SocketService\Commands\SNC.cs:行号 24
   在 System.Linq.Enumerable.WhereSelectArrayIterator`2.MoveNext()
   在 System.Linq.Enumerable.Sum(IEnumerable`1 source)
   在 MES.SocketService.SNC.ExecuteCommand(MesSession session, StringRequestInfo requestInfo) 位置 E:\workspace\SourceCode\EasyCareAuto\IAMESServer\MES.SocketService\Commands\SNC.cs:行号 24
   在 SuperSocket.SocketBase.AppServerBase`2.ExecuteCommand(TAppSession session, TRequestInfo requestInfo)
   在 SuperSocket.SocketBase.AppServerBase`2.ExecuteCommand(IAppSession session, TRequestInfo requestInfo)
   在 SuperSocket.SocketBase.AppSession`2.SuperSocket.SocketBase.IAppSession.ProcessRequest(Byte[] readBuffer, Int32 offset, Int32 length, Boolean toBeCopied)
2018-05-13 17:43:48,924 [17] ERROR MES.SocketService - MES.SocketService.MesSession
System.FormatException: 输入字符串的格式不正确。
   在 System.Number.StringToNumber(String str, NumberStyles options, NumberBuffer& number, NumberFormatInfo info, Boolean parseDecimal)
   在 System.Number.ParseInt32(String s, NumberStyles style, NumberFormatInfo info)
   在 System.Convert.ToInt32(String value)
   在 MES.SocketService.SNC.<>c.<ExecuteCommand>b__0_0(String p) 位置 E:\workspace\SourceCode\EasyCareAuto\IAMESServer\MES.SocketService\Commands\SNC.cs:行号 24
   在 System.Linq.Enumerable.WhereSelectArrayIterator`2.MoveNext()
   在 System.Linq.Enumerable.Sum(IEnumerable`1 source)
   在 MES.SocketService.SNC.ExecuteCommand(MesSession session, StringRequestInfo requestInfo) 位置 E:\workspace\SourceCode\EasyCareAuto\IAMESServer\MES.SocketService\Commands\SNC.cs:行号 24
   在 SuperSocket.SocketBase.AppServerBase`2.ExecuteCommand(TAppSession session, TRequestInfo requestInfo)
   在 SuperSocket.SocketBase.AppServerBase`2.ExecuteCommand(IAppSession session, TRequestInfo requestInfo)
   在 SuperSocket.SocketBase.AppSession`2.SuperSocket.SocketBase.IAppSession.ProcessRequest(Byte[] readBuffer, Int32 offset, Int32 length, Boolean toBeCopied)
2018-05-13 17:43:49,142 [17] ERROR MES.SocketService - MES.SocketService.MesSession
System.FormatException: 输入字符串的格式不正确。
   在 System.Number.StringToNumber(String str, NumberStyles options, NumberBuffer& number, NumberFormatInfo info, Boolean parseDecimal)
   在 System.Number.ParseInt32(String s, NumberStyles style, NumberFormatInfo info)
   在 System.Convert.ToInt32(String value)
   在 MES.SocketService.SNC.<>c.<ExecuteCommand>b__0_0(String p) 位置 E:\workspace\SourceCode\EasyCareAuto\IAMESServer\MES.SocketService\Commands\SNC.cs:行号 24
   在 System.Linq.Enumerable.WhereSelectArrayIterator`2.MoveNext()
   在 System.Linq.Enumerable.Sum(IEnumerable`1 source)
   在 MES.SocketService.SNC.ExecuteCommand(MesSession session, StringRequestInfo requestInfo) 位置 E:\workspace\SourceCode\EasyCareAuto\IAMESServer\MES.SocketService\Commands\SNC.cs:行号 24
   在 SuperSocket.SocketBase.AppServerBase`2.ExecuteCommand(TAppSession session, TRequestInfo requestInfo)
   在 SuperSocket.SocketBase.AppServerBase`2.ExecuteCommand(IAppSession session, TRequestInfo requestInfo)
   在 SuperSocket.SocketBase.AppSession`2.SuperSocket.SocketBase.IAppSession.ProcessRequest(Byte[] readBuffer, Int32 offset, Int32 length, Boolean toBeCopied)
2018-05-13 17:43:49,455 [19] ERROR MES.SocketService - MES.SocketService.MesSession
System.FormatException: 输入字符串的格式不正确。
   在 System.Number.StringToNumber(String str, NumberStyles options, NumberBuffer& number, NumberFormatInfo info, Boolean parseDecimal)
   在 System.Number.ParseInt32(String s, NumberStyles style, NumberFormatInfo info)
   在 System.Convert.ToInt32(String value)
   在 MES.SocketService.SNC.<>c.<ExecuteCommand>b__0_0(String p) 位置 E:\workspace\SourceCode\EasyCareAuto\IAMESServer\MES.SocketService\Commands\SNC.cs:行号 24
   在 System.Linq.Enumerable.WhereSelectArrayIterator`2.MoveNext()
   在 System.Linq.Enumerable.Sum(IEnumerable`1 source)
   在 MES.SocketService.SNC.ExecuteCommand(MesSession session, StringRequestInfo requestInfo) 位置 E:\workspace\SourceCode\EasyCareAuto\IAMESServer\MES.SocketService\Commands\SNC.cs:行号 24
   在 SuperSocket.SocketBase.AppServerBase`2.ExecuteCommand(TAppSession session, TRequestInfo requestInfo)
   在 SuperSocket.SocketBase.AppServerBase`2.ExecuteCommand(IAppSession session, TRequestInfo requestInfo)
   在 SuperSocket.SocketBase.AppSession`2.SuperSocket.SocketBase.IAppSession.ProcessRequest(Byte[] readBuffer, Int32 offset, Int32 length, Boolean toBeCopied)
2018-05-13 17:43:49,672 [17] ERROR MES.SocketService - MES.SocketService.MesSession
System.FormatException: 输入字符串的格式不正确。
   在 System.Number.StringToNumber(String str, NumberStyles options, NumberBuffer& number, NumberFormatInfo info, Boolean parseDecimal)
   在 System.Number.ParseInt32(String s, NumberStyles style, NumberFormatInfo info)
   在 System.Convert.ToInt32(String value)
   在 MES.SocketService.SNC.<>c.<ExecuteCommand>b__0_0(String p) 位置 E:\workspace\SourceCode\EasyCareAuto\IAMESServer\MES.SocketService\Commands\SNC.cs:行号 24
   在 System.Linq.Enumerable.WhereSelectArrayIterator`2.MoveNext()
   在 System.Linq.Enumerable.Sum(IEnumerable`1 source)
   在 MES.SocketService.SNC.ExecuteCommand(MesSession session, StringRequestInfo requestInfo) 位置 E:\workspace\SourceCode\EasyCareAuto\IAMESServer\MES.SocketService\Commands\SNC.cs:行号 24
   在 SuperSocket.SocketBase.AppServerBase`2.ExecuteCommand(TAppSession session, TRequestInfo requestInfo)
   在 SuperSocket.SocketBase.AppServerBase`2.ExecuteCommand(IAppSession session, TRequestInfo requestInfo)
   在 SuperSocket.SocketBase.AppSession`2.SuperSocket.SocketBase.IAppSession.ProcessRequest(Byte[] readBuffer, Int32 offset, Int32 length, Boolean toBeCopied)
2018-05-13 17:43:49,889 [20] ERROR MES.SocketService - MES.SocketService.MesSession
System.FormatException: 输入字符串的格式不正确。
   在 System.Number.StringToNumber(String str, NumberStyles options, NumberBuffer& number, NumberFormatInfo info, Boolean parseDecimal)
   在 System.Number.ParseInt32(String s, NumberStyles style, NumberFormatInfo info)
   在 System.Convert.ToInt32(String value)
   在 MES.SocketService.SNC.<>c.<ExecuteCommand>b__0_0(String p) 位置 E:\workspace\SourceCode\EasyCareAuto\IAMESServer\MES.SocketService\Commands\SNC.cs:行号 24
   在 System.Linq.Enumerable.WhereSelectArrayIterator`2.MoveNext()
   在 System.Linq.Enumerable.Sum(IEnumerable`1 source)
   在 MES.SocketService.SNC.ExecuteCommand(MesSession session, StringRequestInfo requestInfo) 位置 E:\workspace\SourceCode\EasyCareAuto\IAMESServer\MES.SocketService\Commands\SNC.cs:行号 24
   在 SuperSocket.SocketBase.AppServerBase`2.ExecuteCommand(TAppSession session, TRequestInfo requestInfo)
   在 SuperSocket.SocketBase.AppServerBase`2.ExecuteCommand(IAppSession session, TRequestInfo requestInfo)
   在 SuperSocket.SocketBase.AppSession`2.SuperSocket.SocketBase.IAppSession.ProcessRequest(Byte[] readBuffer, Int32 offset, Int32 length, Boolean toBeCopied)
2018-05-13 17:43:51,004 [19] ERROR MES.SocketService - MES.SocketService.MesSession
System.FormatException: 输入字符串的格式不正确。
   在 System.Number.StringToNumber(String str, NumberStyles options, NumberBuffer& number, NumberFormatInfo info, Boolean parseDecimal)
   在 System.Number.ParseInt32(String s, NumberStyles style, NumberFormatInfo info)
   在 System.Convert.ToInt32(String value)
   在 MES.SocketService.SNC.<>c.<ExecuteCommand>b__0_0(String p) 位置 E:\workspace\SourceCode\EasyCareAuto\IAMESServer\MES.SocketService\Commands\SNC.cs:行号 24
   在 System.Linq.Enumerable.WhereSelectArrayIterator`2.MoveNext()
   在 System.Linq.Enumerable.Sum(IEnumerable`1 source)
   在 MES.SocketService.SNC.ExecuteCommand(MesSession session, StringRequestInfo requestInfo) 位置 E:\workspace\SourceCode\EasyCareAuto\IAMESServer\MES.SocketService\Commands\SNC.cs:行号 24
   在 SuperSocket.SocketBase.AppServerBase`2.ExecuteCommand(TAppSession session, TRequestInfo requestInfo)
   在 SuperSocket.SocketBase.AppServerBase`2.ExecuteCommand(IAppSession session, TRequestInfo requestInfo)
   在 SuperSocket.SocketBase.AppSession`2.SuperSocket.SocketBase.IAppSession.ProcessRequest(Byte[] readBuffer, Int32 offset, Int32 length, Boolean toBeCopied)
